<?xml version="1.0" encoding="UTF-8"?>
<!-- Generated by org.testng.reporters.JUnitReportReporter -->
<testsuite skipped="0" hostname="PVGN56587894A" name="algorithm.GCDAndLCM" tests="6" failures="0" timestamp="12 Sep 2018 12:35:39 GMT" time="0.021" errors="0">
  <testcase name="testGCDAndLCM" time="0.003" classname="algorithm.GCDAndLCM"/>
  <testcase name="testGCDAndLCM" time="0.010" classname="algorithm.GCDAndLCM"/>
  <testcase name="testGCDAndLCM" time="0.001" classname="algorithm.GCDAndLCM"/>
  <testcase name="testGCDAndLCM" time="0.002" classname="algorithm.GCDAndLCM"/>
  <testcase name="testGCDAndLCM" time="0.002" classname="algorithm.GCDAndLCM"/>
  <testcase name="testGCDAndLCM" time="0.003" classname="algorithm.GCDAndLCM"/>
</testsuite> <!-- algorithm.GCDAndLCM -->
