<?xml version="1.0" encoding="UTF-8"?>
<!-- Generated by org.testng.reporters.JUnitReportReporter -->
<testsuite skipped="0" hostname="PVGN56587894A" name="testNG.testNGLearning" tests="13" failures="0" timestamp="11 Sep 2018 12:25:10 GMT" time="0.044" errors="0">
  <testcase name="testThreadPools" time="0.003" classname="testNG.testNGLearning"/>
  <testcase name="runSelenium1" time="0.002" classname="testNG.testNGLearning"/>
  <testcase name="testMulti" time="0.002" classname="testNG.testNGLearning"/>
  <testcase name="testParameter" time="0.006" classname="testNG.testNGLearning"/>
  <testcase name="testConnectOracle" time="0.001" classname="testNG.testNGLearning"/>
  <testcase name="testParameter" time="0.001" classname="testNG.testNGLearning"/>
  <testcase name="testThreadPools" time="0.006" classname="testNG.testNGLearning"/>
  <testcase name="testMulti" time="0.002" classname="testNG.testNGLearning"/>
  <testcase name="testThreadPools" time="0.003" classname="testNG.testNGLearning"/>
  <testcase name="testConnectMsSQL" time="0.002" classname="testNG.testNGLearning"/>
  <testcase name="runFinal" time="0.003" classname="testNG.testNGLearning"/>
  <testcase name="runSelenium" time="0.011" classname="testNG.testNGLearning"/>
  <testcase name="testMulti" time="0.002" classname="testNG.testNGLearning"/>
</testsuite> <!-- testNG.testNGLearning -->
