<?xml version="1.0" encoding="UTF-8"?>
<!-- Generated by org.testng.reporters.JUnitReportReporter -->
<testsuite skipped="0" hostname="PVGN56587894A" name="algorithm.sortAndSearch.binarySearchAndInsert35" tests="1" failures="0" timestamp="30 Sep 2018 10:22:13 GMT" time="0.020" errors="0">
  <testcase name="runTest" time="0.020" classname="algorithm.sortAndSearch.binarySearchAndInsert35"/>
</testsuite> <!-- algorithm.sortAndSearch.binarySearchAndInsert35 -->
