<?xml version="1.0" encoding="UTF-8"?>
<!-- Generated by org.testng.reporters.JUnitReportReporter -->
<testsuite skipped="0" hostname="PVGN56587894A" name="Basic.JavaCollection" tests="1" failures="0" timestamp="30 Sep 2018 08:51:16 GMT" time="0.018" errors="0">
  <testcase name="intArray" time="0.018" classname="Basic.JavaCollection"/>
</testsuite> <!-- Basic.JavaCollection -->
