<?xml version="1.0" encoding="UTF-8"?>
<!-- Generated by org.testng.reporters.JUnitReportReporter -->
<testsuite skipped="0" hostname="PVGN56587894A" name="algorithm.transpose" tests="1" failures="0" timestamp="11 Sep 2018 12:34:49 GMT" time="0.020" errors="0">
  <testcase name="testFairy" time="0.020" classname="algorithm.transpose"/>
</testsuite> <!-- algorithm.transpose -->
