<?xml version="1.0" encoding="UTF-8"?>
<!-- Generated by org.testng.reporters.JUnitReportReporter -->
<testsuite skipped="0" hostname="PVGN56587894A" name="testNG.transpose_TestNG" tests="2" failures="0" timestamp="11 Sep 2018 11:06:44 GMT" time="0.026" errors="0">
  <testcase name="testGeneral" time="0.022" classname="testNG.transpose_TestNG"/>
  <testcase name="testRandom" time="0.004" classname="testNG.transpose_TestNG"/>
</testsuite> <!-- testNG.transpose_TestNG -->
