<?xml version="1.0" encoding="UTF-8"?>
<!-- Generated by org.testng.reporters.JUnitReportReporter -->
<testsuite skipped="0" hostname="PVGN56587894A" name="algorithm.MinStack" tests="1" failures="0" timestamp="24 Sep 2018 10:03:57 GMT" time="0.014" errors="0">
  <testcase name="testMinStack" time="0.014" classname="algorithm.MinStack"/>
</testsuite> <!-- algorithm.MinStack -->
