<?xml version="1.0" encoding="UTF-8"?>
<!-- Generated by org.testng.reporters.JUnitReportReporter -->
<testsuite skipped="0" hostname="PVGN56587894A" name="testNG.testNG_TC2" tests="1" failures="0" timestamp="11 Sep 2018 11:10:48 GMT" time="0.008" errors="0">
  <testcase name="beforeSuite" time="0.008" classname="testNG.testNG_TC2"/>
</testsuite> <!-- testNG.testNG_TC2 -->
