<?xml version="1.0" encoding="UTF-8"?>
<!-- Generated by org.testng.reporters.JUnitReportReporter -->
<testsuite skipped="0" hostname="PVGN56587894A" name="algorithm.printN_TestNG" tests="7" failures="0" timestamp="10 Sep 2018 12:12:38 GMT" time="0.046" errors="0">
  <testcase name="testPrintN_Extend" time="0.006" classname="algorithm.printN_TestNG"/>
  <testcase name="testPrintN" time="0.026" classname="algorithm.printN_TestNG"/>
  <testcase name="testPrintN_Extend" time="0.002" classname="algorithm.printN_TestNG"/>
  <testcase name="testPrintN_Extend" time="0.005" classname="algorithm.printN_TestNG"/>
  <testcase name="testPrintN_Error" time="0.002" classname="algorithm.printN_TestNG"/>
  <testcase name="testPrintN_Extend" time="0.003" classname="algorithm.printN_TestNG"/>
  <testcase name="testPrintN_Extend" time="0.002" classname="algorithm.printN_TestNG"/>
</testsuite> <!-- algorithm.printN_TestNG -->
