<?xml version="1.0" encoding="UTF-8"?>
<!-- Generated by org.testng.reporters.JUnitReportReporter -->
<testsuite skipped="0" hostname="PVGN56587894A" name="fairyTest" tests="1" failures="0" timestamp="25 Oct 2018 14:48:12 GMT" time="0.013" errors="0">
  <testcase name="runTest" time="0.013" classname="fairyTest"/>
</testsuite> <!-- fairyTest -->
