<?xml version="1.0" encoding="UTF-8"?>
<!-- Generated by org.testng.reporters.JUnitReportReporter -->
<testsuite skipped="0" hostname="PVGN56587894A" name="algorithm.transpose_TestNG" tests="2" failures="0" timestamp="11 Sep 2018 12:36:26 GMT" time="0.029" errors="0">
  <testcase name="testGeneral" time="0.025" classname="algorithm.transpose_TestNG"/>
  <testcase name="testRandom" time="0.004" classname="algorithm.transpose_TestNG"/>
</testsuite> <!-- algorithm.transpose_TestNG -->
