<?xml version="1.0" encoding="UTF-8"?>
<!-- Generated by org.testng.reporters.JUnitReportReporter -->
<testsuite skipped="0" hostname="PVGN56587894A" name="algorithm.PrintZ" tests="1" failures="0" timestamp="18 Sep 2018 13:41:32 GMT" time="0.016" errors="0">
  <testcase name="testPrintZ" time="0.016" classname="algorithm.PrintZ"/>
</testsuite> <!-- algorithm.PrintZ -->
